#time: 2021-01-16 02:18:55
\\nas\media\Music\Isak\Zelda\Favorites from Skyward Sword\Lanayru Mine, Lanayru Desert, Lanayru Gorge (Timeshift Stone).mp3
\\nas\media\Music\Isak\Zelda\Favorites from Skyward Sword\Lanayru Harbor, Skipper's Retreat, Shipyard (Timeshift Stone).mp3
\\nas\media\Music\Isak\Zelda\Favorites from Skyward Sword\Lanayru Mine, Lanayru Desert, Lanayru Gorge (Timeshift Stone).mp3
\\nas\media\Music\Isak\Zelda\Favorites from Skyward Sword\Ancient Cistern.mp3
#time: 2021-01-16 02:19:44
\\nas\media\Music\Isak\Zelda\Favorites from Skyward Sword\Bamboo Isle.mp3
\\nas\media\Music\Isak\Zelda\Favorites from Skyward Sword\Lanayru Harbor, Skipper's Retreat, Shipyard (Timeshift Stone).mp3
\\nas\media\Music\Isak\Zelda\Favorites from Skyward Sword\Dragon Theme.mp3
\\nas\media\Music\Isak\Zelda\Favorites from Skyward Sword\The Goddess's Harp.mp3
#time: 2021-01-18 19:13:01
\\nas\media\Music\Isak\Zelda\Favorites from Skyward Sword\Fire Sanctuary.mp3
\\nas\media\Music\Isak\Zelda\Favorites from Skyward Sword\Bamboo Isle.mp3
\\nas\media\Music\Isak\Zelda\Favorites from Skyward Sword\Moldarach.mp3
#time: 2021-01-18 19:14:21
\\nas\media\Music\Isak\Zelda\Favorites from Skyward Sword\Fire Sanctuary.mp3
\\nas\media\Music\Isak\Zelda\Favorites from Skyward Sword\Bamboo Isle.mp3
\\nas\media\Music\Isak\Zelda\Favorites from Skyward Sword\Moldarach.mp3
\\nas\media\Music\Isak\Zelda\Ocarina of time\35 - Lost Woods.mp3
#time: 2021-01-18 19:14:29
\\nas\media\Music\Isak\Zelda\Favorites from Skyward Sword\Fire Sanctuary.mp3
\\nas\media\Music\Isak\Zelda\Favorites from Skyward Sword\Bamboo Isle.mp3
\\nas\media\Music\Isak\Zelda\Favorites from Skyward Sword\Moldarach.mp3
\\nas\media\Music\Isak\Zelda\Ocarina of time\35 - Lost Woods.mp3
\\nas\media\Music\Isak\Zelda\Ocarina of time\57 - Windmill Hut.mp3
#time: 2021-01-18 19:14:30
\\nas\media\Music\Isak\Zelda\Favorites from Skyward Sword\Fire Sanctuary.mp3
\\nas\media\Music\Isak\Zelda\Favorites from Skyward Sword\Bamboo Isle.mp3
\\nas\media\Music\Isak\Zelda\Favorites from Skyward Sword\Moldarach.mp3
\\nas\media\Music\Isak\Zelda\Ocarina of time\35 - Lost Woods.mp3
\\nas\media\Music\Isak\Zelda\Ocarina of time\57 - Windmill Hut.mp3
\\nas\media\Music\Isak\Zelda\Ocarina of time\35 - Lost Woods.mp3
#time: 2021-01-18 19:14:31
\\nas\media\Music\Isak\Zelda\Favorites from Skyward Sword\Fire Sanctuary.mp3
\\nas\media\Music\Isak\Zelda\Favorites from Skyward Sword\Bamboo Isle.mp3
\\nas\media\Music\Isak\Zelda\Favorites from Skyward Sword\Moldarach.mp3
\\nas\media\Music\Isak\Zelda\Ocarina of time\35 - Lost Woods.mp3
\\nas\media\Music\Isak\Zelda\Ocarina of time\57 - Windmill Hut.mp3
\\nas\media\Music\Isak\Zelda\Ocarina of time\35 - Lost Woods.mp3
\\nas\media\Music\Isak\Zelda\Ocarina of time\57 - Windmill Hut.mp3
#time: 2021-01-18 19:14:32
\\nas\media\Music\Isak\Zelda\Favorites from Skyward Sword\Fire Sanctuary.mp3
\\nas\media\Music\Isak\Zelda\Favorites from Skyward Sword\Bamboo Isle.mp3
\\nas\media\Music\Isak\Zelda\Favorites from Skyward Sword\Moldarach.mp3
\\nas\media\Music\Isak\Zelda\Ocarina of time\35 - Lost Woods.mp3
\\nas\media\Music\Isak\Zelda\Ocarina of time\57 - Windmill Hut.mp3
\\nas\media\Music\Isak\Zelda\Ocarina of time\35 - Lost Woods.mp3
\\nas\media\Music\Isak\Zelda\Ocarina of time\57 - Windmill Hut.mp3
\\nas\media\Music\Isak\Zelda\Ocarina of time\35 - Lost Woods.mp3
#time: 2021-01-18 19:14:33
\\nas\media\Music\Isak\Zelda\Favorites from Skyward Sword\Fire Sanctuary.mp3
\\nas\media\Music\Isak\Zelda\Favorites from Skyward Sword\Bamboo Isle.mp3
\\nas\media\Music\Isak\Zelda\Favorites from Skyward Sword\Moldarach.mp3
\\nas\media\Music\Isak\Zelda\Ocarina of time\35 - Lost Woods.mp3
\\nas\media\Music\Isak\Zelda\Ocarina of time\57 - Windmill Hut.mp3
\\nas\media\Music\Isak\Zelda\Ocarina of time\35 - Lost Woods.mp3
\\nas\media\Music\Isak\Zelda\Ocarina of time\57 - Windmill Hut.mp3
\\nas\media\Music\Isak\Zelda\Ocarina of time\35 - Lost Woods.mp3
\\nas\media\Music\Isak\Zelda\Ocarina of time\57 - Windmill Hut.mp3
#time: 2021-01-18 19:14:34
\\nas\media\Music\Isak\Zelda\Favorites from Skyward Sword\Fire Sanctuary.mp3
\\nas\media\Music\Isak\Zelda\Favorites from Skyward Sword\Bamboo Isle.mp3
\\nas\media\Music\Isak\Zelda\Favorites from Skyward Sword\Moldarach.mp3
\\nas\media\Music\Isak\Zelda\Ocarina of time\35 - Lost Woods.mp3
\\nas\media\Music\Isak\Zelda\Ocarina of time\57 - Windmill Hut.mp3
\\nas\media\Music\Isak\Zelda\Ocarina of time\35 - Lost Woods.mp3
\\nas\media\Music\Isak\Zelda\Ocarina of time\57 - Windmill Hut.mp3
\\nas\media\Music\Isak\Zelda\Ocarina of time\35 - Lost Woods.mp3
\\nas\media\Music\Isak\Zelda\Ocarina of time\57 - Windmill Hut.mp3
\\nas\media\Music\Isak\Zelda\Ocarina of time\35 - Lost Woods.mp3
#time: 2021-01-18 19:14:37
\\nas\media\Music\Isak\Zelda\Favorites from Skyward Sword\Fire Sanctuary.mp3
\\nas\media\Music\Isak\Zelda\Favorites from Skyward Sword\Bamboo Isle.mp3
\\nas\media\Music\Isak\Zelda\Favorites from Skyward Sword\Moldarach.mp3
\\nas\media\Music\Isak\Zelda\Ocarina of time\35 - Lost Woods.mp3
\\nas\media\Music\Isak\Zelda\Ocarina of time\57 - Windmill Hut.mp3
\\nas\media\Music\Isak\Zelda\Ocarina of time\35 - Lost Woods.mp3
\\nas\media\Music\Isak\Zelda\Ocarina of time\57 - Windmill Hut.mp3
\\nas\media\Music\Isak\Zelda\Ocarina of time\35 - Lost Woods.mp3
\\nas\media\Music\Isak\Zelda\Ocarina of time\57 - Windmill Hut.mp3
\\nas\media\Music\Isak\Zelda\Ocarina of time\35 - Lost Woods.mp3
\\nas\media\Music\Isak\Zelda\Ocarina of time\57 - Windmill Hut.mp3
#time: 2021-01-18 19:18:38
\\nas\media\Music\Isak\Zelda\Favorites from Skyward Sword\Fire Sanctuary.mp3
\\nas\media\Music\Isak\Zelda\Favorites from Skyward Sword\Bamboo Isle.mp3
\\nas\media\Music\Isak\Zelda\Favorites from Skyward Sword\Moldarach.mp3
\\nas\media\Music\Isak\Zelda\Ocarina of time\35 - Lost Woods.mp3
\\nas\media\Music\Isak\Zelda\Ocarina of time\57 - Windmill Hut.mp3
\\nas\media\Music\Isak\Zelda\Ocarina of time\35 - Lost Woods.mp3
\\nas\media\Music\Isak\Zelda\Ocarina of time\57 - Windmill Hut.mp3
\\nas\media\Music\Isak\Zelda\Ocarina of time\35 - Lost Woods.mp3
\\nas\media\Music\Isak\Zelda\Ocarina of time\57 - Windmill Hut.mp3
\\nas\media\Music\Isak\Zelda\Ocarina of time\35 - Lost Woods.mp3
\\nas\media\Music\Isak\Zelda\Ocarina of time\57 - Windmill Hut.mp3
#time: 2021-01-18 19:18:40
\\nas\media\Music\Isak\Zelda\Favorites from Skyward Sword\Main Theme.mp3
\\nas\media\Music\Isak\Zelda\Favorites from Skyward Sword\Eldin Volcano.mp3
\\nas\media\Music\Isak\Zelda\Favorites from Skyward Sword\Fi's Theme (Piano Lament).mp3
\\nas\media\Music\Isak\Zelda\Favorites from Skyward Sword\Dragon Theme.mp3
\\nas\media\Music\Isak\Zelda\Favorites from Skyward Sword\Ancient Cistern.mp3
\\nas\media\Music\Isak\Zelda\Favorites from Skyward Sword\Girahnim's Theme.mp3
\\nas\media\Music\Isak\Zelda\Favorites from Skyward Sword\Faron Woods.mp3
\\nas\media\Music\Isak\Zelda\Favorites from Skyward Sword\Girahnim's Theme.mp3
\\nas\media\Music\Isak\Zelda\Favorites from Skyward Sword\Eldin Volcano.mp3
\\nas\media\Music\Isak\Zelda\Favorites from Skyward Sword\The Goddess's Harp.mp3
\\nas\media\Music\Isak\Zelda\Favorites from Skyward Sword\Fi's Farewell.mp3
\\nas\media\Music\Isak\Zelda\Favorites from Skyward Sword\Faron's Shrine.mp3
\\nas\media\Music\Isak\Zelda\Favorites from Skyward Sword\Eldin Volcano.mp3
\\nas\media\Music\Isak\Zelda\Favorites from Skyward Sword\Main Theme.mp3
\\nas\media\Music\Isak\Zelda\Favorites from Skyward Sword\Eldin Volcano.mp3
\\nas\media\Music\Isak\Zelda\Favorites from Skyward Sword\Dragon Theme.mp3
\\nas\media\Music\Isak\Zelda\Favorites from Skyward Sword\Bamboo Isle.mp3
\\nas\media\Music\Isak\Zelda\Favorites from Skyward Sword\Fire Sanctuary.mp3
\\nas\media\Music\Isak\Zelda\Favorites from Skyward Sword\Sealed Temple.mp3
\\nas\media\Music\Isak\Zelda\Favorites from Skyward Sword\Temple of Hylia.mp3
\\nas\media\Music\Isak\Zelda\Favorites from Skyward Sword\Lanayru Mine, Lanayru Desert, Lanayru Gorge (Timeshift Stone).mp3
\\nas\media\Music\Isak\Zelda\Favorites from Skyward Sword\Main Theme.mp3
\\nas\media\Music\Isak\Zelda\Favorites from Skyward Sword\Faron's Shrine.mp3
\\nas\media\Music\Isak\Zelda\Favorites from Skyward Sword\Eldin Volcano.mp3
\\nas\media\Music\Isak\Zelda\Favorites from Skyward Sword\Fi's Farewell.mp3
\\nas\media\Music\Isak\Zelda\Favorites from Skyward Sword\Fire Sanctuary.mp3
\\nas\media\Music\Isak\Zelda\Favorites from Skyward Sword\Ballad of the Goddess from Skyward Sword.mp3
\\nas\media\Music\Isak\Zelda\Favorites from Skyward Sword\Fi's Farewell.mp3
\\nas\media\Music\Isak\Zelda\Favorites from Skyward Sword\Sandship (Timeshift Stone, Exterior).mp3
\\nas\media\Music\Isak\Zelda\Favorites from Skyward Sword\Lanayru Harbor, Skipper's Retreat, Shipyard (Timeshift Stone).mp3
\\nas\media\Music\Isak\Zelda\Favorites from Skyward Sword\Faron Woods.mp3
\\nas\media\Music\Isak\Zelda\Favorites from Skyward Sword\Fire Sanctuary.mp3
\\nas\media\Music\Isak\Zelda\Favorites from Skyward Sword\Main Theme.mp3
\\nas\media\Music\Isak\Zelda\Favorites from Skyward Sword\Faron's Shrine.mp3
\\nas\media\Music\Isak\Zelda\Favorites from Skyward Sword\Girahnim's Theme.mp3
\\nas\media\Music\Isak\Zelda\Favorites from Skyward Sword\Lanayru Harbor, Skipper's Retreat, Shipyard (Timeshift Stone).mp3
\\nas\media\Music\Isak\Zelda\Favorites from Skyward Sword\Girahnim's Theme.mp3
\\nas\media\Music\Isak\Zelda\Favorites from Skyward Sword\Fi's Farewell.mp3
\\nas\media\Music\Isak\Zelda\Favorites from Skyward Sword\Lanayru Mine, Lanayru Desert, Lanayru Gorge (Timeshift Stone).mp3
\\nas\media\Music\Isak\Zelda\Favorites from Skyward Sword\The Goddess's Harp.mp3
\\nas\media\Music\Isak\Zelda\Favorites from Skyward Sword\Moldarach.mp3
\\nas\media\Music\Isak\Zelda\Favorites from Skyward Sword\Fire Sanctuary.mp3
\\nas\media\Music\Isak\Zelda\Favorites from Skyward Sword\Temple of Hylia.mp3
\\nas\media\Music\Isak\Zelda\Favorites from Skyward Sword\Lanayru Harbor, Skipper's Retreat, Shipyard (Timeshift Stone).mp3
\\nas\media\Music\Isak\Zelda\Favorites from Skyward Sword\Fi's Farewell.mp3
\\nas\media\Music\Isak\Zelda\Favorites from Skyward Sword\The Goddess's Harp.mp3
\\nas\media\Music\Isak\Zelda\Favorites from Skyward Sword\Moldarach.mp3
\\nas\media\Music\Isak\Zelda\Favorites from Skyward Sword\Sealed Temple.mp3
\\nas\media\Music\Isak\Zelda\Favorites from Skyward Sword\Moldarach.mp3
\\nas\media\Music\Isak\Zelda\Favorites from Skyward Sword\Fi's Farewell.mp3
\\nas\media\Music\Isak\Zelda\Favorites from Skyward Sword\Fire Sanctuary.mp3
\\nas\media\Music\Isak\Zelda\Favorites from Skyward Sword\Lanayru Harbor, Skipper's Retreat, Shipyard (Timeshift Stone).mp3
\\nas\media\Music\Isak\Zelda\Favorites from Skyward Sword\Fi's Farewell.mp3
\\nas\media\Music\Isak\Zelda\Favorites from Skyward Sword\Lanayru Harbor, Skipper's Retreat, Shipyard (Timeshift Stone).mp3
\\nas\media\Music\Isak\Zelda\Favorites from Skyward Sword\Ballad of the Goddess from Skyward Sword.mp3
\\nas\media\Music\Isak\Zelda\Favorites from Skyward Sword\Ancient Cistern.mp3
\\nas\media\Music\Isak\Zelda\Favorites from Skyward Sword\Bamboo Isle.mp3
\\nas\media\Music\Isak\Zelda\Favorites from Skyward Sword\Ancient Cistern.mp3
#time: 2021-01-18 19:30:23
\\nas\media\Music\Isak\Zelda\Favorites from Skyward Sword\Moldarach.mp3
\\nas\media\Music\Isak\Zelda\Favorites from Skyward Sword\Main Theme.mp3
\\nas\media\Music\Isak\Zelda\Favorites from Skyward Sword\Moldarach.mp3
\\nas\media\Music\Isak\Zelda\Favorites from Skyward Sword\Main Theme.mp3
\\nas\media\Music\Isak\Zelda\Favorites from Skyward Sword\Fi's Theme (Piano Lament).mp3
\\nas\media\Music\Isak\Zelda\Favorites from Skyward Sword\Link's Destiny.mp3
#time: 2021-01-18 19:38:54
\\nas\media\Music\Isak\Zelda\Favorites from Skyward Sword\The Goddess's Harp.mp3
\\nas\media\Music\Isak\Zelda\Favorites from Skyward Sword\Fi's Farewell.mp3
\\nas\media\Music\Isak\Zelda\Favorites from Skyward Sword\Link's Destiny.mp3
\\nas\media\Music\Isak\Zelda\Favorites from Skyward Sword\Fi's Theme (Piano Lament).mp3
#time: 2021-01-18 19:47:22
\\nas\media\Music\Isak\Zelda\Favorites from Skyward Sword\Sealed Temple.mp3
\\nas\media\Music\Isak\Zelda\Favorites from Skyward Sword\Faron Woods.mp3
\\nas\media\Music\Isak\Zelda\Favorites from Skyward Sword\Link's Destiny.mp3
\\nas\media\Music\Isak\Zelda\Favorites from Skyward Sword\Sealed Temple.mp3
\\nas\media\Music\Isak\Zelda\Favorites from Skyward Sword\Dragon Theme.mp3
\\nas\media\Music\Isak\Zelda\Favorites from Skyward Sword\Fi's Theme (Piano Lament).mp3
\\nas\media\Music\Isak\Zelda\Favorites from Skyward Sword\Moldarach.mp3
\\nas\media\Music\Isak\Zelda\Favorites from Skyward Sword\Bamboo Isle.mp3
\\nas\media\Music\Isak\Zelda\Favorites from Skyward Sword\Fi's Theme (Piano Lament).mp3
\\nas\media\Music\Isak\Zelda\Favorites from Skyward Sword\Eldin Volcano.mp3
\\nas\media\Music\Isak\Zelda\Favorites from Skyward Sword\The Goddess's Harp.mp3
\\nas\media\Music\Isak\Zelda\Favorites from Skyward Sword\Fi's Theme (Piano Lament).mp3
\\nas\media\Music\Isak\Zelda\Favorites from Skyward Sword\Main Theme.mp3
\\nas\media\Music\Isak\Zelda\Favorites from Skyward Sword\Fire Sanctuary.mp3
\\nas\media\Music\Isak\Zelda\Favorites from Skyward Sword\Ancient Cistern.mp3
\\nas\media\Music\Isak\Zelda\Favorites from Skyward Sword\Eldin Volcano.mp3
\\nas\media\Music\Isak\Zelda\Favorites from Skyward Sword\Bamboo Isle.mp3
\\nas\media\Music\Isak\Zelda\Favorites from Skyward Sword\The Goddess Sword.mp3
\\nas\media\Music\Isak\Zelda\Favorites from Skyward Sword\Lanayru Mine, Lanayru Desert, Lanayru Gorge (Timeshift Stone).mp3
#time: 2021-01-18 19:53:56
\\nas\media\Music\Isak\Zelda\Favorites from Skyward Sword\Fi's Theme (Piano Lament).mp3
\\nas\media\Music\Isak\Zelda\Favorites from Skyward Sword\Sealed Temple.mp3
\\nas\media\Music\Isak\Zelda\Favorites from Skyward Sword\Ancient Cistern.mp3
\\nas\media\Music\Isak\Zelda\Favorites from Skyward Sword\Sandship (Timeshift Stone, Exterior).mp3
\\nas\media\Music\Isak\Zelda\Favorites from Skyward Sword\Ancient Cistern.mp3
\\nas\media\Music\Isak\Zelda\Favorites from Skyward Sword\Bamboo Isle.mp3
\\nas\media\Music\Isak\Zelda\Favorites from Skyward Sword\Fi's Farewell.mp3
\\nas\media\Music\Isak\Zelda\Favorites from Skyward Sword\Moldarach.mp3
\\nas\media\Music\Isak\Zelda\Favorites from Skyward Sword\Lanayru Mine, Lanayru Desert, Lanayru Gorge (Timeshift Stone).mp3
\\nas\media\Music\Isak\Zelda\Favorites from Skyward Sword\Fi's Farewell.mp3
\\nas\media\Music\Isak\Zelda\Favorites from Skyward Sword\Girahnim's Theme.mp3
\\nas\media\Music\Isak\Zelda\Favorites from Skyward Sword\Eldin Volcano.mp3
\\nas\media\Music\Isak\Zelda\Favorites from Skyward Sword\Main Theme.mp3
\\nas\media\Music\Isak\Zelda\Favorites from Skyward Sword\Dragon Theme.mp3
\\nas\media\Music\Isak\Zelda\Favorites from Skyward Sword\Faron's Shrine.mp3
\\nas\media\Music\Isak\Zelda\Favorites from Skyward Sword\Eldin Volcano.mp3
\\nas\media\Music\Isak\Zelda\Favorites from Skyward Sword\Sandship (Timeshift Stone, Exterior).mp3
\\nas\media\Music\Isak\Zelda\Favorites from Skyward Sword\Faron's Shrine.mp3
\\nas\media\Music\Isak\Zelda\Favorites from Skyward Sword\The Goddess's Harp.mp3
\\nas\media\Music\Isak\Zelda\Favorites from Skyward Sword\Dragon Theme.mp3
\\nas\media\Music\Isak\Zelda\Favorites from Skyward Sword\Fire Sanctuary.mp3
\\nas\media\Music\Isak\Zelda\Favorites from Skyward Sword\Lanayru Mine, Lanayru Desert, Lanayru Gorge (Timeshift Stone).mp3
\\nas\media\Music\Isak\Zelda\Favorites from Skyward Sword\Moldarach.mp3
\\nas\media\Music\Isak\Zelda\Favorites from Skyward Sword\Eldin Volcano.mp3
\\nas\media\Music\Isak\Zelda\Favorites from Skyward Sword\Temple of Hylia.mp3
\\nas\media\Music\Isak\Zelda\Favorites from Skyward Sword\Bamboo Isle.mp3
\\nas\media\Music\Isak\Zelda\Favorites from Skyward Sword\Fi's Theme (Piano Lament).mp3
\\nas\media\Music\Isak\Zelda\Favorites from Skyward Sword\Faron's Shrine.mp3
\\nas\media\Music\Isak\Zelda\Favorites from Skyward Sword\Fire Sanctuary.mp3
\\nas\media\Music\Isak\Zelda\Favorites from Skyward Sword\Lanayru Harbor, Skipper's Retreat, Shipyard (Timeshift Stone).mp3
\\nas\media\Music\Isak\Zelda\Favorites from Skyward Sword\Fire Sanctuary.mp3
\\nas\media\Music\Isak\Zelda\Favorites from Skyward Sword\Moldarach.mp3
\\nas\media\Music\Isak\Zelda\Favorites from Skyward Sword\Main Theme.mp3
\\nas\media\Music\Isak\Zelda\Favorites from Skyward Sword\Moldarach.mp3
\\nas\media\Music\Isak\Zelda\Favorites from Skyward Sword\Lanayru Harbor, Skipper's Retreat, Shipyard (Timeshift Stone).mp3
\\nas\media\Music\Isak\Zelda\Favorites from Skyward Sword\Moldarach.mp3
\\nas\media\Music\Isak\Zelda\Favorites from Skyward Sword\Fi's Theme (Piano Lament).mp3
\\nas\media\Music\Isak\Zelda\Favorites from Skyward Sword\Link's Destiny.mp3
\\nas\media\Music\Isak\Zelda\Favorites from Skyward Sword\The Goddess Sword.mp3
\\nas\media\Music\Isak\Zelda\Favorites from Skyward Sword\The Goddess's Harp.mp3
\\nas\media\Music\Isak\Zelda\Favorites from Skyward Sword\The Goddess Sword.mp3
\\nas\media\Music\Isak\Zelda\Favorites from Skyward Sword\Fire Sanctuary.mp3
\\nas\media\Music\Isak\Zelda\Favorites from Skyward Sword\The Goddess's Harp.mp3
\\nas\media\Music\Isak\Zelda\Favorites from Skyward Sword\Bamboo Isle.mp3
\\nas\media\Music\Isak\Zelda\Favorites from Skyward Sword\Moldarach.mp3
\\nas\media\Music\Isak\Zelda\Favorites from Skyward Sword\Temple of Hylia.mp3
\\nas\media\Music\Isak\Zelda\Favorites from Skyward Sword\Moldarach.mp3
\\nas\media\Music\Isak\Zelda\Favorites from Skyward Sword\Sealed Temple.mp3
\\nas\media\Music\Isak\Zelda\Favorites from Skyward Sword\Faron Woods.mp3
\\nas\media\Music\Isak\Zelda\Favorites from Skyward Sword\Sandship (Timeshift Stone, Exterior).mp3
\\nas\media\Music\Isak\Zelda\Favorites from Skyward Sword\Dragon Theme.mp3
\\nas\media\Music\Isak\Zelda\Favorites from Skyward Sword\Girahnim's Theme.mp3
\\nas\media\Music\Isak\Zelda\Favorites from Skyward Sword\Fi's Farewell.mp3
\\nas\media\Music\Isak\Zelda\Favorites from Skyward Sword\Dragon Theme.mp3
\\nas\media\Music\Isak\Zelda\Favorites from Skyward Sword\The Goddess Sword.mp3
\\nas\media\Music\Isak\Zelda\Favorites from Skyward Sword\Bamboo Isle.mp3
\\nas\media\Music\Isak\Zelda\Favorites from Skyward Sword\Faron Woods.mp3
\\nas\media\Music\Isak\Zelda\Favorites from Skyward Sword\Dragon Theme.mp3
\\nas\media\Music\Isak\Zelda\Favorites from Skyward Sword\Lanayru Harbor, Skipper's Retreat, Shipyard (Timeshift Stone).mp3
\\nas\media\Music\Isak\Zelda\Favorites from Skyward Sword\Sandship (Timeshift Stone, Exterior).mp3
\\nas\media\Music\Isak\Zelda\Favorites from Skyward Sword\Dragon Theme.mp3
\\nas\media\Music\Isak\Zelda\Favorites from Skyward Sword\Fire Sanctuary.mp3
\\nas\media\Music\Isak\Zelda\Favorites from Skyward Sword\Lanayru Harbor, Skipper's Retreat, Shipyard (Timeshift Stone).mp3
\\nas\media\Music\Isak\Zelda\Favorites from Skyward Sword\Dragon Theme.mp3
\\nas\media\Music\Isak\Zelda\Favorites from Skyward Sword\Ballad of the Goddess from Skyward Sword.mp3
\\nas\media\Music\Isak\Zelda\Favorites from Skyward Sword\Main Theme.mp3
\\nas\media\Music\Isak\Zelda\Favorites from Skyward Sword\Fi's Farewell.mp3
\\nas\media\Music\Isak\Zelda\Favorites from Skyward Sword\Fi's Theme (Piano Lament).mp3
\\nas\media\Music\Isak\Zelda\Favorites from Skyward Sword\Ballad of the Goddess from Skyward Sword.mp3
\\nas\media\Music\Isak\Zelda\Favorites from Skyward Sword\Dragon Theme.mp3
\\nas\media\Music\Isak\Zelda\Favorites from Skyward Sword\Temple of Hylia.mp3
\\nas\media\Music\Isak\Zelda\Favorites from Skyward Sword\Fi's Theme (Piano Lament).mp3
\\nas\media\Music\Isak\Zelda\Favorites from Skyward Sword\Ancient Cistern.mp3
\\nas\media\Music\Isak\Zelda\Favorites from Skyward Sword\Girahnim's Theme.mp3
\\nas\media\Music\Isak\Zelda\Favorites from Skyward Sword\Bamboo Isle.mp3
\\nas\media\Music\Isak\Zelda\Favorites from Skyward Sword\Sandship (Timeshift Stone, Exterior).mp3
\\nas\media\Music\Isak\Zelda\Favorites from Skyward Sword\Fire Sanctuary.mp3
\\nas\media\Music\Isak\Zelda\Favorites from Skyward Sword\Main Theme.mp3
\\nas\media\Music\Isak\Zelda\Favorites from Skyward Sword\Faron's Shrine.mp3
\\nas\media\Music\Isak\Zelda\Favorites from Skyward Sword\Sandship (Timeshift Stone, Exterior).mp3
\\nas\media\Music\Isak\Zelda\Favorites from Skyward Sword\Girahnim's Theme.mp3
\\nas\media\Music\Isak\Zelda\Favorites from Skyward Sword\Ancient Cistern.mp3
\\nas\media\Music\Isak\Zelda\Favorites from Skyward Sword\Faron Woods.mp3
#time: 2021-01-18 19:56:07
\\nas\media\Music\Isak\Zelda\Favorites from Skyward Sword\The Goddess's Harp.mp3
#time: 2021-01-18 19:57:14
\\nas\media\Music\Isak\Zelda\Favorites from Skyward Sword\Fi's Theme (Piano Lament).mp3
\\nas\media\Music\Isak\Zelda\Favorites from Skyward Sword\Sealed Temple.mp3
\\nas\media\Music\Isak\Zelda\Favorites from Skyward Sword\Bamboo Isle.mp3
\\nas\media\Music\Isak\Zelda\Favorites from Skyward Sword\Sealed Temple.mp3
\\nas\media\Music\Isak\Zelda\Favorites from Skyward Sword\Fi's Farewell.mp3
\\nas\media\Music\Isak\Zelda\Favorites from Skyward Sword\Lanayru Harbor, Skipper's Retreat, Shipyard (Timeshift Stone).mp3
\\nas\media\Music\Isak\Zelda\Favorites from Skyward Sword\Ancient Cistern.mp3
\\nas\media\Music\Isak\Zelda\Favorites from Skyward Sword\Faron's Shrine.mp3
#time: 2021-01-18 20:01:51
\\nas\media\Music\Isak\Zelda\Favorites from Skyward Sword\Dragon Theme.mp3
\\nas\media\Music\Isak\Zelda\Favorites from Skyward Sword\Lanayru Mine, Lanayru Desert, Lanayru Gorge (Timeshift Stone).mp3
\\nas\media\Music\Isak\Zelda\Favorites from Skyward Sword\Sealed Temple.mp3
\\nas\media\Music\Isak\Zelda\Favorites from Skyward Sword\Lanayru Harbor, Skipper's Retreat, Shipyard (Timeshift Stone).mp3
\\nas\media\Music\Isak\Zelda\Favorites from Skyward Sword\Bamboo Isle.mp3
\\nas\media\Music\Isak\Zelda\Favorites from Skyward Sword\Temple of Hylia.mp3
\\nas\media\Music\Isak\Zelda\Favorites from Skyward Sword\Fi's Farewell.mp3
\\nas\media\Music\Isak\Zelda\Favorites from Skyward Sword\Faron's Shrine.mp3
\\nas\media\Music\Isak\Zelda\Favorites from Skyward Sword\Sealed Temple.mp3
\\nas\media\Music\Isak\Zelda\Favorites from Skyward Sword\Fire Sanctuary.mp3
\\nas\media\Music\Isak\Zelda\Favorites from Skyward Sword\Link's Destiny.mp3
\\nas\media\Music\Isak\Zelda\Favorites from Skyward Sword\Main Theme.mp3
\\nas\media\Music\Isak\Zelda\Favorites from Skyward Sword\Fi's Farewell.mp3
\\nas\media\Music\Isak\Zelda\Favorites from Skyward Sword\Bamboo Isle.mp3
\\nas\media\Music\Isak\Zelda\Favorites from Skyward Sword\Ballad of the Goddess from Skyward Sword.mp3
\\nas\media\Music\Isak\Zelda\Favorites from Skyward Sword\Ancient Cistern.mp3
\\nas\media\Music\Isak\Zelda\Favorites from Skyward Sword\Sandship (Timeshift Stone, Exterior).mp3
\\nas\media\Music\Isak\Zelda\Favorites from Skyward Sword\Moldarach.mp3
\\nas\media\Music\Isak\Zelda\Favorites from Skyward Sword\Fi's Farewell.mp3
\\nas\media\Music\Isak\Zelda\Favorites from Skyward Sword\Sandship (Timeshift Stone, Exterior).mp3
\\nas\media\Music\Isak\Zelda\Favorites from Skyward Sword\The Goddess's Harp.mp3
\\nas\media\Music\Isak\Zelda\Favorites from Skyward Sword\Eldin Volcano.mp3
\\nas\media\Music\Isak\Zelda\Favorites from Skyward Sword\Fire Sanctuary.mp3
\\nas\media\Music\Isak\Zelda\Favorites from Skyward Sword\Lanayru Mine, Lanayru Desert, Lanayru Gorge (Timeshift Stone).mp3
\\nas\media\Music\Isak\Zelda\Favorites from Skyward Sword\Fire Sanctuary.mp3
\\nas\media\Music\Isak\Zelda\Favorites from Skyward Sword\The Goddess Sword.mp3
#time: 2021-01-18 20:02:41
\\nas\media\Music\Isak\Zelda\Favorites from Skyward Sword\Lanayru Harbor, Skipper's Retreat, Shipyard (Timeshift Stone).mp3
#time: 2021-01-18 20:03:21
\\nas\media\Music\Isak\Zelda\Favorites from Skyward Sword\Fi's Farewell.mp3
\\nas\media\Music\Isak\Zelda\Favorites from Skyward Sword\Faron Woods.mp3
\\nas\media\Music\Isak\Zelda\Favorites from Skyward Sword\Main Theme.mp3
#time: 2021-01-18 20:06:47
\\nas\media\Music\Isak\Zelda\Favorites from Skyward Sword\Faron Woods.mp3
\\nas\media\Music\Isak\Zelda\Favorites from Skyward Sword\Lanayru Mine, Lanayru Desert, Lanayru Gorge (Timeshift Stone).mp3
\\nas\media\Music\Isak\Zelda\Favorites from Skyward Sword\Main Theme.mp3
\\nas\media\Music\Isak\Zelda\Favorites from Skyward Sword\The Goddess Sword.mp3
\\nas\media\Music\Isak\Zelda\Favorites from Skyward Sword\Bamboo Isle.mp3
\\nas\media\Music\Isak\Zelda\Favorites from Skyward Sword\Lanayru Mine, Lanayru Desert, Lanayru Gorge (Timeshift Stone).mp3
\\nas\media\Music\Isak\Zelda\Favorites from Skyward Sword\Fi's Farewell.mp3
\\nas\media\Music\Isak\Zelda\Favorites from Skyward Sword\Lanayru Harbor, Skipper's Retreat, Shipyard (Timeshift Stone).mp3
\\nas\media\Music\Isak\Zelda\Favorites from Skyward Sword\Girahnim's Theme.mp3
\\nas\media\Music\Isak\Zelda\Favorites from Skyward Sword\Eldin Volcano.mp3
\\nas\media\Music\Isak\Zelda\Favorites from Skyward Sword\Faron's Shrine.mp3
\\nas\media\Music\Isak\Zelda\Favorites from Skyward Sword\Fi's Theme (Piano Lament).mp3
\\nas\media\Music\Isak\Zelda\Favorites from Skyward Sword\Eldin Volcano.mp3
\\nas\media\Music\Isak\Zelda\Favorites from Skyward Sword\Ancient Cistern.mp3
\\nas\media\Music\Isak\Zelda\Favorites from Skyward Sword\Sealed Temple.mp3
\\nas\media\Music\Isak\Zelda\Favorites from Skyward Sword\Temple of Hylia.mp3
\\nas\media\Music\Isak\Zelda\Favorites from Skyward Sword\Ballad of the Goddess from Skyward Sword.mp3
\\nas\media\Music\Isak\Zelda\Favorites from Skyward Sword\Dragon Theme.mp3
\\nas\media\Music\Isak\Zelda\Favorites from Skyward Sword\Sandship (Timeshift Stone, Exterior).mp3
\\nas\media\Music\Isak\Zelda\Favorites from Skyward Sword\Main Theme.mp3
\\nas\media\Music\Isak\Zelda\Favorites from Skyward Sword\Temple of Hylia.mp3
\\nas\media\Music\Isak\Zelda\Favorites from Skyward Sword\Faron Woods.mp3
\\nas\media\Music\Isak\Zelda\Favorites from Skyward Sword\Link's Destiny.mp3
\\nas\media\Music\Isak\Zelda\Favorites from Skyward Sword\Ballad of the Goddess from Skyward Sword.mp3
\\nas\media\Music\Isak\Zelda\Favorites from Skyward Sword\Dragon Theme.mp3
\\nas\media\Music\Isak\Zelda\Favorites from Skyward Sword\The Goddess's Harp.mp3
\\nas\media\Music\Isak\Zelda\Favorites from Skyward Sword\Bamboo Isle.mp3
\\nas\media\Music\Isak\Zelda\Favorites from Skyward Sword\Fi's Farewell.mp3
\\nas\media\Music\Isak\Zelda\Favorites from Skyward Sword\Lanayru Mine, Lanayru Desert, Lanayru Gorge (Timeshift Stone).mp3
#time: 2021-01-18 20:17:02
\\nas\media\Music\Isak\Zelda\Favorites from Skyward Sword\Faron Woods.mp3
#time: 2021-01-18 21:08:30
\\nas\media\Music\Isak\Zelda\Favorites from Skyward Sword\Ancient Cistern.mp3
\\nas\media\Music\Isak\Zelda\Favorites from Skyward Sword\Fire Sanctuary.mp3
\\nas\media\Music\Isak\Zelda\Favorites from Skyward Sword\Faron Woods.mp3
\\nas\media\Music\Isak\Zelda\Favorites from Skyward Sword\Ancient Cistern.mp3
\\nas\media\Music\Isak\Zelda\Favorites from Skyward Sword\Lanayru Harbor, Skipper's Retreat, Shipyard (Timeshift Stone).mp3
\\nas\media\Music\Isak\Zelda\Favorites from Skyward Sword\Lanayru Mine, Lanayru Desert, Lanayru Gorge (Timeshift Stone).mp3
\\nas\media\Music\Isak\Zelda\Favorites from Skyward Sword\Link's Destiny.mp3
#time: 2021-01-18 21:19:44
\\nas\media\Music\Isak\Zelda\Favorites from Skyward Sword\Faron Woods.mp3
\\nas\media\Music\Isak\Zelda\Favorites from Skyward Sword\Main Theme.mp3
#time: 2021-01-19 17:02:48
\\nas\media\Music\Isak\Zelda\Favorites from Skyward Sword\Bamboo Isle.mp3
\\nas\media\Music\Isak\Zelda\Favorites from Skyward Sword\Fi's Farewell.mp3
\\nas\media\Music\Isak\Zelda\Favorites from Skyward Sword\The Goddess's Harp.mp3
\\nas\media\Music\Isak\Zelda\Favorites from Skyward Sword\Faron's Shrine.mp3
\\nas\media\Music\Isak\Zelda\Favorites from Skyward Sword\Sandship (Timeshift Stone, Exterior).mp3
\\nas\media\Music\Isak\Zelda\Favorites from Skyward Sword\Ancient Cistern.mp3
#time: 2021-01-19 22:12:15
\\nas\media\Music\Isak\Zelda\Favorites from Skyward Sword\Ballad of the Goddess from Skyward Sword.mp3
\\nas\media\Music\Isak\Zelda\Favorites from Skyward Sword\The Goddess Sword.mp3
#time: 2021-01-19 22:14:35
\\nas\media\Music\Isak\Zelda\Favorites from Skyward Sword\Faron's Shrine.mp3
\\nas\media\Music\Isak\Zelda\Favorites from Skyward Sword\Ancient Cistern.mp3
\\nas\media\Music\Isak\Zelda\Favorites from Skyward Sword\Lanayru Harbor, Skipper's Retreat, Shipyard (Timeshift Stone).mp3
#time: 2021-01-19 22:15:54
\\nas\media\Music\Isak\Zelda\Favorites from Skyward Sword\Sandship (Timeshift Stone, Exterior).mp3
\\nas\media\Music\Isak\Zelda\Favorites from Skyward Sword\Moldarach.mp3
\\nas\media\Music\Isak\Zelda\Favorites from Skyward Sword\Dragon Theme.mp3
\\nas\media\Music\Isak\Zelda\Favorites from Skyward Sword\Eldin Volcano.mp3
#time: 2021-01-19 22:16:44
#time: 2021-01-19 22:17:02
\\nas\media\Music\Isak\Zelda\Favorites from Skyward Sword\Lanayru Harbor, Skipper's Retreat, Shipyard (Timeshift Stone).mp3
\\nas\media\Music\Isak\Zelda\Favorites from Skyward Sword\Fi's Farewell.mp3
#time: 2021-01-19 22:18:16
\\nas\media\Music\Isak\Zelda\Favorites from Skyward Sword\Bamboo Isle.mp3
\\nas\media\Music\Isak\Zelda\Favorites from Skyward Sword\Dragon Theme.mp3
#time: 2021-01-19 22:23:09
\\nas\media\Music\Isak\Zelda\Favorites from Skyward Sword\The Goddess Sword.mp3
\\nas\media\Music\Isak\Zelda\Favorites from Skyward Sword\Fire Sanctuary.mp3
#time: 2021-01-19 22:23:51
\\nas\media\Music\Isak\Zelda\Favorites from Skyward Sword\Sandship (Timeshift Stone, Exterior).mp3
#time: 2021-01-19 22:24:33
\\nas\media\Music\Isak\Zelda\Favorites from Skyward Sword\Lanayru Mine, Lanayru Desert, Lanayru Gorge (Timeshift Stone).mp3
\\nas\media\Music\Isak\Zelda\Favorites from Skyward Sword\Moldarach.mp3
\\nas\media\Music\Isak\Zelda\Favorites from Skyward Sword\Faron Woods.mp3
\\nas\media\Music\Isak\Zelda\Favorites from Skyward Sword\Moldarach.mp3
\\nas\media\Music\Isak\Zelda\Favorites from Skyward Sword\Fire Sanctuary.mp3
\\nas\media\Music\Isak\Zelda\Favorites from Skyward Sword\Fi's Theme (Piano Lament).mp3
#time: 2021-01-19 22:28:14
\\nas\media\Music\Isak\Zelda\Favorites from Skyward Sword\The Goddess Sword.mp3
\\nas\media\Music\Isak\Zelda\Favorites from Skyward Sword\Fi's Farewell.mp3
#time: 2021-01-19 22:29:07
\\nas\media\Music\Isak\Zelda\Favorites from Skyward Sword\Faron Woods.mp3
#time: 2021-01-19 22:29:56
#time: 2021-01-19 22:30:15
\\nas\media\Music\Isak\Zelda\Favorites from Skyward Sword\Girahnim's Theme.mp3
#time: 2021-01-19 22:30:39
#time: 2021-01-19 22:30:56
\\nas\media\Music\Isak\Zelda\Favorites from Skyward Sword\Fi's Farewell.mp3
#time: 2021-01-19 22:31:23
\\nas\media\Music\Isak\Zelda\Favorites from Skyward Sword\Link's Destiny.mp3
#time: 2021-01-19 22:31:59
\\nas\media\Music\Isak\Zelda\Favorites from Skyward Sword\Faron's Shrine.mp3
#time: 2021-01-19 22:32:28
\\nas\media\Music\Isak\Zelda\Favorites from Skyward Sword\Eldin Volcano.mp3
\\nas\media\Music\Isak\Zelda\Favorites from Skyward Sword\Lanayru Mine, Lanayru Desert, Lanayru Gorge (Timeshift Stone).mp3
\\nas\media\Music\Isak\Zelda\Favorites from Skyward Sword\Ballad of the Goddess from Skyward Sword.mp3
\\nas\media\Music\Isak\Zelda\Favorites from Skyward Sword\Eldin Volcano.mp3
\\nas\media\Music\Isak\Zelda\Favorites from Skyward Sword\Ballad of the Goddess from Skyward Sword.mp3
#time: 2021-01-19 22:33:50
\\nas\media\Music\Isak\Zelda\Favorites from Skyward Sword\Lanayru Harbor, Skipper's Retreat, Shipyard (Timeshift Stone).mp3
#time: 2021-01-19 22:34:14
\\nas\media\Music\Isak\Zelda\Favorites from Skyward Sword\Main Theme.mp3
\\nas\media\Music\Isak\Zelda\Favorites from Skyward Sword\The Goddess's Harp.mp3
\\nas\media\Music\Isak\Zelda\Favorites from Skyward Sword\Faron Woods.mp3
\\nas\media\Music\Isak\Zelda\Favorites from Skyward Sword\Fi's Theme (Piano Lament).mp3
#time: 2021-01-19 22:36:01
\\nas\media\Music\Isak\Zelda\Favorites from Skyward Sword\Temple of Hylia.mp3
\\nas\media\Music\Isak\Zelda\Favorites from Skyward Sword\Girahnim's Theme.mp3
\\nas\media\Music\Isak\Zelda\Favorites from Skyward Sword\Fire Sanctuary.mp3
\\nas\media\Music\Isak\Zelda\Favorites from Skyward Sword\Sandship (Timeshift Stone, Exterior).mp3
\\nas\media\Music\Isak\Zelda\Favorites from Skyward Sword\Fi's Theme (Piano Lament).mp3
\\nas\media\Music\Isak\Zelda\Favorites from Skyward Sword\Main Theme.mp3
\\nas\media\Music\Isak\Zelda\Favorites from Skyward Sword\Ballad of the Goddess from Skyward Sword.mp3
\\nas\media\Music\Isak\Zelda\Favorites from Skyward Sword\Link's Destiny.mp3
#time: 2021-01-19 22:36:54
\\nas\media\Music\Isak\Zelda\Favorites from Skyward Sword\Fi's Theme (Piano Lament).mp3
\\nas\media\Music\Isak\Zelda\Favorites from Skyward Sword\Fire Sanctuary.mp3
\\nas\media\Music\Isak\Zelda\Favorites from Skyward Sword\Eldin Volcano.mp3
\\nas\media\Music\Isak\Zelda\Favorites from Skyward Sword\Faron's Shrine.mp3
#time: 2021-01-19 22:37:58
\\nas\media\Music\Isak\Zelda\Favorites from Skyward Sword\Main Theme.mp3
#time: 2021-01-19 22:38:22
\\nas\media\Music\Isak\Zelda\Favorites from Skyward Sword\Faron Woods.mp3
\\nas\media\Music\Isak\Zelda\Favorites from Skyward Sword\Eldin Volcano.mp3
\\nas\media\Music\Isak\Zelda\Favorites from Skyward Sword\Temple of Hylia.mp3
\\nas\media\Music\Isak\Zelda\Favorites from Skyward Sword\Faron Woods.mp3
\\nas\media\Music\Isak\Zelda\Favorites from Skyward Sword\Fi's Theme (Piano Lament).mp3
#time: 2021-01-19 22:42:41
\\nas\media\Music\Isak\Zelda\Favorites from Skyward Sword\The Goddess Sword.mp3
\\nas\media\Music\Isak\Zelda\Favorites from Skyward Sword\Fi's Theme (Piano Lament).mp3
\\nas\media\Music\Isak\Zelda\Favorites from Skyward Sword\Main Theme.mp3
#time: 2021-01-19 22:43:55
\\nas\media\Music\Isak\Zelda\Favorites from Skyward Sword\The Goddess Sword.mp3
\\nas\media\Music\Isak\Zelda\Favorites from Skyward Sword\The Goddess Sword.mp3
#time: 2021-01-19 22:45:01
\\nas\media\Music\Isak\Zelda\Favorites from Skyward Sword\The Goddess's Harp.mp3
#time: 2021-01-19 22:45:33
\\nas\media\Music\Isak\Zelda\Favorites from Skyward Sword\Fire Sanctuary.mp3
\\nas\media\Music\Isak\Zelda\Favorites from Skyward Sword\Eldin Volcano.mp3
\\nas\media\Music\Isak\Zelda\Favorites from Skyward Sword\Girahnim's Theme.mp3
#time: 2021-01-19 22:48:10
\\nas\media\Music\Isak\Zelda\Favorites from Skyward Sword\The Goddess Sword.mp3
#time: 2021-01-19 22:49:14
\\nas\media\Music\Isak\Zelda\Favorites from Skyward Sword\Fire Sanctuary.mp3
